<?xml version="1.0" encoding="UTF-8"?>
<testng-results skipped="0" failed="0" ignored="0" total="1" passed="1">
  <reporter-output>
  </reporter-output>
  <suite name="Default suite" duration-ms="9154" started-at="2019-08-19T18:35:02Z" finished-at="2019-08-19T18:35:11Z">
    <groups>
    </groups>
    <test name="Default test" duration-ms="9154" started-at="2019-08-19T18:35:02Z" finished-at="2019-08-19T18:35:11Z">
      <class name="tescases.Test1">
        <test-method status="PASS" signature="FirstTest()[pri:0, instance:tescases.Test1@224edc67]" name="FirstTest" duration-ms="9050" started-at="2019-08-19T18:35:02Z" finished-at="2019-08-19T18:35:11Z">
          <reporter-output>
          </reporter-output>
        </test-method> <!-- FirstTest -->
      </class> <!-- tescases.Test1 -->
    </test> <!-- Default test -->
  </suite> <!-- Default suite -->
</testng-results>
